Log file open, 05/04/21 14:27:07
LogInit: Display: Running engine for game: BlinkTeleport
LogPlatformFile: Not using cached read wrapper
LogTaskGraph: Started task graph with 5 named threads and 23 total threads with 3 sets of task threads.
LogStats: Stats thread started at 4.114080
LogD3D11RHI: Loaded GFSDK_Aftermath_Lib.x64.dll
LogICUInternationalization: ICU TimeZone Detection - Raw Offset: +1:00, Platform Override: ''
LogPluginManager: Mounting plugin Paper2D
LogPluginManager: Mounting plugin AISupport
LogPluginManager: Mounting plugin LightPropagationVolume
LogPluginManager: Mounting plugin CameraShakePreviewer
LogPluginManager: Mounting plugin ActorLayerUtilities
LogPluginManager: Mounting plugin AnimationSharing
LogPluginManager: Mounting plugin CLionSourceCodeAccess
LogPluginManager: Mounting plugin CodeLiteSourceCodeAccess
LogPluginManager: Mounting plugin GitSourceControl
LogPluginManager: Mounting plugin KDevelopSourceCodeAccess
LogPluginManager: Mounting plugin NullSourceCodeAccess
LogPluginManager: Mounting plugin PerforceSourceControl
LogPluginManager: Mounting plugin PlasticSourceControl
LogPluginManager: Mounting plugin RiderSourceCodeAccess
LogPluginManager: Mounting plugin SubversionSourceControl
LogPluginManager: Mounting plugin UObjectPlugin
LogPluginManager: Mounting plugin VisualStudioCodeSourceCodeAccess
LogPluginManager: Mounting plugin VisualStudioSourceCodeAccess
LogPluginManager: Mounting plugin XCodeSourceCodeAccess
LogPluginManager: Mounting plugin AssetManagerEditor
LogPluginManager: Mounting plugin CryptoKeys
LogPluginManager: Mounting plugin CurveEditorTools
LogPluginManager: Mounting plugin DataValidation
LogPluginManager: Mounting plugin EditorScriptingUtilities
LogPluginManager: Mounting plugin FacialAnimation
LogPluginManager: Mounting plugin GameplayTagsEditor
LogPluginManager: Mounting plugin GeometryMode
LogPluginManager: Mounting plugin MacGraphicsSwitching
LogPluginManager: Mounting plugin MaterialAnalyzer
LogPluginManager: Mounting plugin MobileLauncherProfileWizard
LogPluginManager: Mounting plugin PluginBrowser
LogPluginManager: Mounting plugin SpeedTreeImporter
LogPluginManager: Mounting plugin DatasmithContent
LogPluginManager: Mounting plugin VariantManagerContent
LogPluginManager: Mounting plugin AlembicImporter
LogPluginManager: Mounting plugin AutomationUtils
LogPluginManager: Mounting plugin BackChannel
LogPluginManager: Mounting plugin ChaosCloth
LogPluginManager: Mounting plugin ChaosClothEditor
LogPluginManager: Mounting plugin ChaosEditor
LogPluginManager: Mounting plugin ChaosNiagara
LogPluginManager: Mounting plugin ChaosSolverPlugin
LogPluginManager: Mounting plugin CharacterAI
LogPluginManager: Mounting plugin GeometryCache
LogPluginManager: Mounting plugin GeometryCollectionPlugin
LogPluginManager: Mounting plugin GeometryProcessing
LogPluginManager: Mounting plugin PlanarCut
LogPluginManager: Mounting plugin PlatformCrypto
LogPluginManager: Mounting plugin ProxyLODPlugin
LogPluginManager: Mounting plugin SkeletalReduction
LogPluginManager: Mounting plugin Niagara
LogPluginManager: Mounting plugin MagicLeap
LogPluginManager: Mounting plugin MagicLeapLightEstimation
LogPluginManager: Mounting plugin MagicLeapMedia
LogPluginManager: Mounting plugin MagicLeapPassableWorld
LogPluginManager: Mounting plugin MLSDK
LogPluginManager: Mounting plugin AndroidMedia
LogPluginManager: Mounting plugin AvfMedia
LogPluginManager: Mounting plugin ImgMedia
LogPluginManager: Mounting plugin MediaCompositing
LogPluginManager: Mounting plugin MediaPlayerEditor
LogPluginManager: Mounting plugin WebMMedia
LogPluginManager: Mounting plugin WmfMedia
LogPluginManager: Mounting plugin MeshPainting
LogPluginManager: Mounting plugin TcpMessaging
LogPluginManager: Mounting plugin UdpMessaging
LogPluginManager: Mounting plugin ActorSequence
LogPluginManager: Mounting plugin LevelSequenceEditor
LogPluginManager: Mounting plugin MatineeToLevelSequence
LogPluginManager: Mounting plugin MovieRenderPipeline
LogPluginManager: Mounting plugin TemplateSequence
LogPluginManager: Mounting plugin NetcodeUnitTest
LogPluginManager: Mounting plugin NUTUnrealEngine4
LogPluginManager: Mounting plugin OnlineSubsystemGooglePlay
LogPluginManager: Mounting plugin OnlineSubsystemIOS
LogPluginManager: Mounting plugin OnlineSubsystem
LogPluginManager: Mounting plugin OnlineSubsystemNull
LogPluginManager: Mounting plugin OnlineSubsystemUtils
LogPluginManager: Mounting plugin LauncherChunkInstaller
LogPluginManager: Mounting plugin AndroidDeviceProfileSelector
LogPluginManager: Mounting plugin AndroidMoviePlayer
LogPluginManager: Mounting plugin AndroidPermission
LogPluginManager: Mounting plugin AppleImageUtils
LogPluginManager: Mounting plugin AppleMoviePlayer
LogPluginManager: Mounting plugin ArchVisCharacter
LogPluginManager: Mounting plugin AssetTags
LogPluginManager: Mounting plugin AudioCapture
LogPluginManager: Mounting plugin CableComponent
LogPluginManager: Mounting plugin CustomMeshComponent
LogPluginManager: Mounting plugin EditableMesh
LogPluginManager: Mounting plugin ExampleDeviceProfileSelector
LogPluginManager: Mounting plugin GoogleCloudMessaging
LogPluginManager: Mounting plugin GooglePAD
LogPluginManager: Mounting plugin IOSDeviceProfileSelector
LogPluginManager: Mounting plugin LinuxDeviceProfileSelector
LogPluginManager: Mounting plugin LocationServicesBPLibrary
LogPluginManager: Mounting plugin MobilePatchingUtils
LogPluginManager: Mounting plugin OculusVR
LogPluginManager: Mounting plugin PhysXVehicles
LogPluginManager: Mounting plugin PostSplashScreen
LogPluginManager: Mounting plugin ProceduralMeshComponent
LogPluginManager: Mounting plugin RuntimePhysXCooking
LogPluginManager: Mounting plugin SignificanceManager
LogPluginManager: Mounting plugin SoundFields
LogPluginManager: Mounting plugin SteamVR
LogPluginManager: Mounting plugin Synthesis
LogPluginManager: Mounting plugin WebMMoviePlayer
LogPluginManager: Mounting plugin WindowsMoviePlayer
LogPluginManager: Mounting plugin ScreenshotTools
LogInit: Using libcurl 7.55.1-DEV
LogInit:  - built for x86_64-pc-win32
LogInit:  - supports SSL with OpenSSL/1.1.1
LogInit:  - supports HTTP deflate (compression) using libz 1.2.8
LogInit:  - other features:
LogInit:      CURL_VERSION_SSL
LogInit:      CURL_VERSION_LIBZ
LogInit:      CURL_VERSION_IPV6
LogInit:      CURL_VERSION_ASYNCHDNS
LogInit:      CURL_VERSION_LARGEFILE
LogInit:      CURL_VERSION_IDN
LogInit:  CurlRequestOptions (configurable via config and command line):
LogInit:  - bVerifyPeer = true  - Libcurl will verify peer certificate
LogInit:  - bUseHttpProxy = false  - Libcurl will NOT use HTTP proxy
LogInit:  - bDontReuseConnections = false  - Libcurl will reuse connections
LogInit:  - MaxHostConnections = 16  - Libcurl will limit the number of connections to a host
LogInit:  - LocalHostAddr = Default
LogInit:  - BufferSize = 65536
LogOnline: OSS: Creating online subsystem instance for: NULL
LogInit: WinSock: version 1.1 (2.2), MaxSocks=32767, MaxUdp=65467
LogOnline: OSS: TryLoadSubsystemAndSetDefault: Loaded subsystem for module [NULL]
LogOculusPluginWrapper: OculusPlugin initialized successfully
LogHMD: Failed initializing OVRPlugin 1.44.0
LogInit: Build: ++UE4+Release-4.25-CL-13594126
LogInit: Engine Version: 4.25.1-13594126+++UE4+Release-4.25
LogInit: Compatible Engine Version: 4.25.0-13144385+++UE4+Release-4.25
LogInit: Net CL: 13144385
LogInit: OS: Windows 10 (Release 2004) (), CPU: Intel(R) Core(TM) i7-7700 CPU @ 3.60GHz, GPU: NVIDIA GeForce GTX 1080
LogInit: Compiled (64-bit): Jun  2 2020 02:10:36
LogInit: Compiled with Visual C++: 19.24.28315.00
LogInit: Build Configuration: Development
LogInit: Branch Name: ++UE4+Release-4.25
LogInit: Command Line: 
LogInit: Base Directory: S:/Programs/Unreal/UE_4.25/Engine/Binaries/Win64/
LogInit: Allocator: TBB
LogInit: Installed Engine Build: 1
LogDevObjectVersion: Number of dev versions registered: 26
LogDevObjectVersion:   Dev-Blueprints (B0D832E4-1F89-4F0D-ACCF-7EB736FD4AA2): 10
LogDevObjectVersion:   Dev-Build (E1C64328-A22C-4D53-A36C-8E866417BD8C): 0
LogDevObjectVersion:   Dev-Core (375EC13C-06E4-48FB-B500-84F0262A717E): 4
LogDevObjectVersion:   Dev-Editor (E4B068ED-F494-42E9-A231-DA0B2E46BB41): 38
LogDevObjectVersion:   Dev-Framework (CFFC743F-43B0-4480-9391-14DF171D2073): 37
LogDevObjectVersion:   Dev-Mobile (B02B49B5-BB20-44E9-A304-32B752E40360): 2
LogDevObjectVersion:   Dev-Networking (A4E4105C-59A1-49B5-A7C5-40C4547EDFEE): 0
LogDevObjectVersion:   Dev-Online (39C831C9-5AE6-47DC-9A44-9C173E1C8E7C): 0
LogDevObjectVersion:   Dev-Physics (78F01B33-EBEA-4F98-B9B4-84EACCB95AA2): 4
LogDevObjectVersion:   Dev-Platform (6631380F-2D4D-43E0-8009-CF276956A95A): 0
LogDevObjectVersion:   Dev-Rendering (12F88B9F-8875-4AFC-A67C-D90C383ABD29): 43
LogDevObjectVersion:   Dev-Sequencer (7B5AE74C-D270-4C10-A958-57980B212A5A): 12
LogDevObjectVersion:   Dev-VR (D7296918-1DD6-4BDD-9DE2-64A83CC13884): 3
LogDevObjectVersion:   Dev-LoadTimes (C2A15278-BFE7-4AFE-6C17-90FF531DF755): 1
LogDevObjectVersion:   Private-Geometry (6EACA3D4-40EC-4CC1-B786-8BED09428FC5): 3
LogDevObjectVersion:   Dev-AnimPhys (29E575DD-E0A3-4627-9D10-D276232CDCEA): 17
LogDevObjectVersion:   Dev-Anim (AF43A65D-7FD3-4947-9873-3E8ED9C1BB05): 7
LogDevObjectVersion:   Dev-ReflectionCapture (6B266CEC-1EC7-4B8F-A30B-E4D90942FC07): 1
LogDevObjectVersion:   Dev-Automation (0DF73D61-A23F-47EA-B727-89E90C41499A): 1
LogDevObjectVersion:   FortniteMain (601D1886-AC64-4F84-AA16-D3DE0DEAC7D6): 31
LogDevObjectVersion:   Dev-Enterprise (9DFFBCD6-494F-0158-E221-12823C92A888): 10
LogDevObjectVersion:   Dev-Niagara (F2AED0AC-9AFE-416F-8664-AA7FFA26D6FC): 1
LogDevObjectVersion:   Dev-Destruction (174F1F0B-B4C6-45A5-B13F-2EE8D0FB917D): 10
LogDevObjectVersion:   Dev-Physics-Ext (35F94A83-E258-406C-A318-09F59610247C): 37
LogDevObjectVersion:   Dev-PhysicsMaterial-Chaos (B68FC16E-8B1B-42E2-B453-215C058844FE): 1
LogDevObjectVersion:   Dev-CineCamera (B2E18506-4273-CFC2-A54E-F4BB758BBA07): 1
LogInit: Presizing for max 25165824 objects, including 0 objects not considered by GC, pre-allocating 0 bytes for permanent pool.
LogConfig: Applying CVar settings from Section [/Script/Engine.StreamingSettings] File [S:/Documents/Unreal/BlinkTeleport/blink-teleport/BlinkTeleport/Saved/Config/Windows/Engine.ini]
LogConfig: Setting CVar [[s.MinBulkDataSizeForAsyncLoading:131072]]
LogConfig: Setting CVar [[s.AsyncLoadingThreadEnabled:0]]
LogConfig: Setting CVar [[s.EventDrivenLoaderEnabled:1]]
LogConfig: Setting CVar [[s.WarnIfTimeLimitExceeded:0]]
LogConfig: Setting CVar [[s.TimeLimitExceededMultiplier:1.5]]
LogConfig: Setting CVar [[s.TimeLimitExceededMinTime:0.005]]
LogConfig: Setting CVar [[s.UseBackgroundLevelStreaming:1]]
LogConfig: Setting CVar [[s.PriorityAsyncLoadingExtraTime:15.0]]
LogConfig: Setting CVar [[s.LevelStreamingActorsUpdateTimeLimit:5.0]]
LogConfig: Setting CVar [[s.PriorityLevelStreamingActorsUpdateExtraTime:5.0]]
LogConfig: Setting CVar [[s.LevelStreamingComponentsRegistrationGranularity:10]]
LogConfig: Setting CVar [[s.UnregisterComponentsTimeLimit:1.0]]
LogConfig: Setting CVar [[s.LevelStreamingComponentsUnregistrationGranularity:5]]
LogConfig: Setting CVar [[s.FlushStreamingOnExit:1]]
LogInit: Object subsystem initialized
LogConfig: Setting CVar [[con.DebugEarlyDefault:1]]
LogConfig: Setting CVar [[r.setres:1280x720]]
[2021.05.04-12.27.11:934][  0]LogConfig: Setting CVar [[r.VSync:0]]
[2021.05.04-12.27.11:934][  0]LogConfig: Setting CVar [[r.RHICmdBypass:0]]
[2021.05.04-12.27.11:935][  0]LogConfig: Applying CVar settings from Section [/Script/Engine.RendererSettings] File [S:/Documents/Unreal/BlinkTeleport/blink-teleport/BlinkTeleport/Saved/Config/Windows/Engine.ini]
[2021.05.04-12.27.11:935][  0]LogConfig: Setting CVar [[r.GPUCrashDebugging:0]]
[2021.05.04-12.27.11:935][  0]LogConfig: Setting CVar [[r.Mobile.DisableVertexFog:1]]
[2021.05.04-12.27.11:935][  0]LogConfig: Setting CVar [[r.Shadow.CSM.MaxMobileCascades:2]]
[2021.05.04-12.27.11:935][  0]LogConfig: Setting CVar [[r.MobileMSAA:1]]
[2021.05.04-12.27.11:935][  0]LogConfig: Setting CVar [[r.Mobile.UseLegacyShadingModel:0]]
[2021.05.04-12.27.11:935][  0]LogConfig: Setting CVar [[r.Mobile.AllowDitheredLODTransition:0]]
[2021.05.04-12.27.11:935][  0]LogConfig: Setting CVar [[r.Mobile.AllowSoftwareOcclusion:0]]
[2021.05.04-12.27.11:935][  0]LogConfig: Setting CVar [[r.Mobile.VirtualTextures:0]]
[2021.05.04-12.27.11:935][  0]LogConfig: Setting CVar [[r.DiscardUnusedQuality:0]]
[2021.05.04-12.27.11:935][  0]LogConfig: Setting CVar [[r.AllowOcclusionQueries:1]]
[2021.05.04-12.27.11:935][  0]LogConfig: Setting CVar [[r.MinScreenRadiusForLights:0.030000]]
[2021.05.04-12.27.11:935][  0]LogConfig: Setting CVar [[r.MinScreenRadiusForDepthPrepass:0.030000]]
[2021.05.04-12.27.11:935][  0]LogConfig: Setting CVar [[r.MinScreenRadiusForCSMDepth:0.010000]]
[2021.05.04-12.27.11:935][  0]LogConfig: Setting CVar [[r.PrecomputedVisibilityWarning:0]]
[2021.05.04-12.27.11:935][  0]LogConfig: Setting CVar [[r.TextureStreaming:1]]
[2021.05.04-12.27.11:935][  0]LogConfig: Setting CVar [[Compat.UseDXT5NormalMaps:0]]
[2021.05.04-12.27.11:935][  0]LogConfig: Setting CVar [[r.VirtualTextures:0]]
[2021.05.04-12.27.11:935][  0]LogConfig: Setting CVar [[r.VirtualTexturedLightmaps:0]]
[2021.05.04-12.27.11:935][  0]LogConfig: Setting CVar [[r.VT.TileSize:128]]
[2021.05.04-12.27.11:935][  0]LogConfig: Setting CVar [[r.VT.TileBorderSize:4]]
[2021.05.04-12.27.11:935][  0]LogConfig: Setting CVar [[r.vt.FeedbackFactor:16]]
[2021.05.04-12.27.11:935][  0]LogConfig: Setting CVar [[r.VT.EnableCompressZlib:1]]
[2021.05.04-12.27.11:935][  0]LogConfig: Setting CVar [[r.VT.EnableCompressCrunch:0]]
[2021.05.04-12.27.11:935][  0]LogConfig: Setting CVar [[r.ClearCoatNormal:0]]
[2021.05.04-12.27.11:935][  0]LogConfig: Setting CVar [[r.AnisotropicBRDF:0]]
[2021.05.04-12.27.11:935][  0]LogConfig: Setting CVar [[r.ReflectionCaptureResolution:128]]
[2021.05.04-12.27.11:935][  0]LogConfig: Setting CVar [[r.ReflectionEnvironmentLightmapMixBasedOnRoughness:1]]
[2021.05.04-12.27.11:935][  0]LogConfig: Setting CVar [[r.ForwardShading:0]]
[2021.05.04-12.27.11:935][  0]LogConfig: Setting CVar [[r.VertexFoggingForOpaque:1]]
[2021.05.04-12.27.11:935][  0]LogConfig: Setting CVar [[r.AllowStaticLighting:1]]
[2021.05.04-12.27.11:935][  0]LogConfig: Setting CVar [[r.NormalMapsForStaticLighting:0]]
[2021.05.04-12.27.11:935][  0]LogConfig: Setting CVar [[r.GenerateMeshDistanceFields:0]]
[2021.05.04-12.27.11:935][  0]LogConfig: Setting CVar [[r.DistanceFieldBuild.EightBit:0]]
[2021.05.04-12.27.11:935][  0]LogConfig: Setting CVar [[r.GenerateLandscapeGIData:0]]
[2021.05.04-12.27.11:935][  0]LogConfig: Setting CVar [[r.DistanceFieldBuild.Compress:0]]
[2021.05.04-12.27.11:935][  0]LogConfig: Setting CVar [[r.TessellationAdaptivePixelsPerTriangle:48.000000]]
[2021.05.04-12.27.11:935][  0]LogConfig: Setting CVar [[r.SeparateTranslucency:0]]
[2021.05.04-12.27.11:935][  0]LogConfig: Setting CVar [[r.TranslucentSortPolicy:0]]
[2021.05.04-12.27.11:935][  0]LogConfig: Setting CVar [[r.CustomDepth:1]]
[2021.05.04-12.27.11:935][  0]LogConfig: Setting CVar [[r.CustomDepthTemporalAAJitter:1]]
[2021.05.04-12.27.11:935][  0]LogConfig: Setting CVar [[r.PostProcessing.PropagateAlpha:0]]
[2021.05.04-12.27.11:935][  0]LogConfig: Setting CVar [[r.DefaultFeature.Bloom:0]]
[2021.05.04-12.27.11:935][  0]LogConfig: Setting CVar [[r.DefaultFeature.AmbientOcclusion:0]]
[2021.05.04-12.27.11:935][  0]LogConfig: Setting CVar [[r.DefaultFeature.AmbientOcclusionStaticFraction:0]]
[2021.05.04-12.27.11:935][  0]LogConfig: Setting CVar [[r.DefaultFeature.AutoExposure:0]]
[2021.05.04-12.27.11:935][  0]LogConfig: Setting CVar [[r.DefaultFeature.AutoExposure.Method:0]]
[2021.05.04-12.27.11:935][  0]LogConfig: Setting CVar [[r.DefaultFeature.AutoExposure.Bias:1.000000]]
[2021.05.04-12.27.11:935][  0]LogConfig: Setting CVar [[r.DefaultFeature.AutoExposure.ExtendDefaultLuminanceRange:0]]
[2021.05.04-12.27.11:935][  0]LogConfig: Setting CVar [[r.UsePreExposure:1]]
[2021.05.04-12.27.11:935][  0]LogConfig: Setting CVar [[r.EyeAdaptation.EditorOnly:0]]
[2021.05.04-12.27.11:935][  0]LogConfig: Setting CVar [[r.DefaultFeature.MotionBlur:0]]
[2021.05.04-12.27.11:935][  0]LogConfig: Setting CVar [[r.DefaultFeature.LensFlare:0]]
[2021.05.04-12.27.11:935][  0]LogConfig: Setting CVar [[r.TemporalAA.Upsampling:0]]
[2021.05.04-12.27.11:935][  0]LogConfig: Setting CVar [[r.SSGI.Enable:0]]
[2021.05.04-12.27.11:935][  0]LogConfig: Setting CVar [[r.DefaultFeature.AntiAliasing:0]]
[2021.05.04-12.27.11:935][  0]LogConfig: Setting CVar [[r.DefaultFeature.LightUnits:1]]
[2021.05.04-12.27.11:935][  0]LogConfig: Setting CVar [[r.DefaultBackBufferPixelFormat:4]]
[2021.05.04-12.27.11:935][  0]LogConfig: Setting CVar [[r.Shadow.UnbuiltPreviewInGame:1]]
[2021.05.04-12.27.11:935][  0]LogConfig: Setting CVar [[r.StencilForLODDither:0]]
[2021.05.04-12.27.11:935][  0]LogConfig: Setting CVar [[r.EarlyZPass:3]]
[2021.05.04-12.27.11:944][  0]LogConfig: Setting CVar [[r.EarlyZPassOnlyMaterialMasking:0]]
[2021.05.04-12.27.11:944][  0]LogConfig: Setting CVar [[r.DBuffer:1]]
[2021.05.04-12.27.11:944][  0]LogConfig: Setting CVar [[r.ClearSceneMethod:1]]
[2021.05.04-12.27.11:944][  0]LogConfig: Setting CVar [[r.BasePassOutputsVelocity:0]]
[2021.05.04-12.27.11:944][  0]LogConfig: Setting CVar [[r.VertexDeformationOutputsVelocity:0]]
[2021.05.04-12.27.11:944][  0]LogConfig: Setting CVar [[r.SelectiveBasePassOutputs:0]]
[2021.05.04-12.27.11:944][  0]LogConfig: Setting CVar [[fx.GPUSimulationTextureSizeX:1024]]
[2021.05.04-12.27.11:944][  0]LogConfig: Setting CVar [[fx.GPUSimulationTextureSizeY:1024]]
[2021.05.04-12.27.11:944][  0]LogConfig: Setting CVar [[r.AllowGlobalClipPlane:0]]
[2021.05.04-12.27.11:944][  0]LogConfig: Setting CVar [[r.GBufferFormat:1]]
[2021.05.04-12.27.11:944][  0]LogConfig: Setting CVar [[r.MorphTarget.Mode:1]]
[2021.05.04-12.27.11:944][  0]LogConfig: Setting CVar [[vr.InstancedStereo:1]]
[2021.05.04-12.27.11:944][  0]LogConfig: Setting CVar [[r.MobileHDR:1]]
[2021.05.04-12.27.11:944][  0]LogConfig: Setting CVar [[vr.MobileMultiView:0]]
[2021.05.04-12.27.11:944][  0]LogConfig: Setting CVar [[r.Mobile.UseHWsRGBEncoding:0]]
[2021.05.04-12.27.11:944][  0]LogConfig: Setting CVar [[vr.RoundRobinOcclusion:0]]
[2021.05.04-12.27.11:944][  0]LogConfig: Setting CVar [[vr.ODSCapture:0]]
[2021.05.04-12.27.11:944][  0]LogConfig: Setting CVar [[r.MeshStreaming:0]]
[2021.05.04-12.27.11:944][  0]LogConfig: Setting CVar [[r.WireframeCullThreshold:5.000000]]
[2021.05.04-12.27.11:944][  0]LogConfig: Setting CVar [[r.RayTracing:0]]
[2021.05.04-12.27.11:944][  0]LogConfig: Setting CVar [[r.RayTracing.UseTextureLod:0]]
[2021.05.04-12.27.11:944][  0]LogConfig: Setting CVar [[r.SupportStationarySkylight:1]]
[2021.05.04-12.27.11:944][  0]LogConfig: Setting CVar [[r.SupportLowQualityLightmaps:1]]
[2021.05.04-12.27.11:944][  0]LogConfig: Setting CVar [[r.SupportPointLightWholeSceneShadows:1]]
[2021.05.04-12.27.11:944][  0]LogConfig: Setting CVar [[r.SupportAtmosphericFog:1]]
[2021.05.04-12.27.11:944][  0]LogConfig: Setting CVar [[r.SupportSkyAtmosphere:1]]
[2021.05.04-12.27.11:944][  0]LogConfig: Setting CVar [[r.SupportSkyAtmosphereAffectsHeightFog:0]]
[2021.05.04-12.27.11:944][  0]LogConfig: Setting CVar [[r.SkinCache.CompileShaders:0]]
[2021.05.04-12.27.11:944][  0]LogConfig: Setting CVar [[r.SkinCache.DefaultBehavior:1]]
[2021.05.04-12.27.11:944][  0]LogConfig: Setting CVar [[r.SkinCache.SceneMemoryLimitInMB:128.000000]]
[2021.05.04-12.27.11:944][  0]LogConfig: Setting CVar [[r.Mobile.EnableStaticAndCSMShadowReceivers:1]]
[2021.05.04-12.27.11:944][  0]LogConfig: Setting CVar [[r.Mobile.EnableMovableLightCSMShaderCulling:1]]
[2021.05.04-12.27.11:944][  0]LogConfig: Setting CVar [[r.Mobile.AllowDistanceFieldShadows:1]]
[2021.05.04-12.27.11:944][  0]LogConfig: Setting CVar [[r.Mobile.AllowMovableDirectionalLights:1]]
[2021.05.04-12.27.11:944][  0]LogConfig: Setting CVar [[r.MobileNumDynamicPointLights:4]]
[2021.05.04-12.27.11:944][  0]LogConfig: Setting CVar [[r.MobileDynamicPointLightsUseStaticBranch:1]]
[2021.05.04-12.27.11:944][  0]LogConfig: Setting CVar [[r.Mobile.EnableMovableSpotlights:0]]
[2021.05.04-12.27.11:944][  0]LogConfig: Setting CVar [[r.GPUSkin.Support16BitBoneIndex:0]]
[2021.05.04-12.27.11:944][  0]LogConfig: Setting CVar [[r.GPUSkin.Limit2BoneInfluences:0]]
[2021.05.04-12.27.11:944][  0]LogConfig: Setting CVar [[r.SupportDepthOnlyIndexBuffers:1]]
[2021.05.04-12.27.11:944][  0]LogConfig: Setting CVar [[r.SupportReversedIndexBuffers:1]]
[2021.05.04-12.27.11:944][  0]LogConfig: Setting CVar [[r.SupportMaterialLayers:0]]
[2021.05.04-12.27.11:944][  0]LogConfig: Setting CVar [[r.LightPropagationVolume:0]]
[2021.05.04-12.27.11:944][  0]LogConfig: Applying CVar settings from Section [/Script/Engine.RendererOverrideSettings] File [S:/Documents/Unreal/BlinkTeleport/blink-teleport/BlinkTeleport/Saved/Config/Windows/Engine.ini]
[2021.05.04-12.27.11:944][  0]LogConfig: Applying CVar settings from Section [/Script/Engine.StreamingSettings] File [S:/Documents/Unreal/BlinkTeleport/blink-teleport/BlinkTeleport/Saved/Config/Windows/Engine.ini]
[2021.05.04-12.27.11:944][  0]LogConfig: Setting CVar [[s.MinBulkDataSizeForAsyncLoading:131072]]
[2021.05.04-12.27.11:944][  0]LogConfig: Setting CVar [[s.AsyncLoadingThreadEnabled:0]]
[2021.05.04-12.27.11:944][  0]LogConfig: Setting CVar [[s.EventDrivenLoaderEnabled:1]]
[2021.05.04-12.27.11:944][  0]LogConfig: Setting CVar [[s.WarnIfTimeLimitExceeded:0]]
[2021.05.04-12.27.11:944][  0]LogConfig: Setting CVar [[s.TimeLimitExceededMultiplier:1.5]]
[2021.05.04-12.27.11:944][  0]LogConfig: Setting CVar [[s.TimeLimitExceededMinTime:0.005]]
[2021.05.04-12.27.11:944][  0]LogConfig: Setting CVar [[s.UseBackgroundLevelStreaming:1]]
[2021.05.04-12.27.11:944][  0]LogConfig: Setting CVar [[s.PriorityAsyncLoadingExtraTime:15.0]]
[2021.05.04-12.27.11:944][  0]LogConfig: Setting CVar [[s.LevelStreamingActorsUpdateTimeLimit:5.0]]
[2021.05.04-12.27.11:944][  0]LogConfig: Setting CVar [[s.PriorityLevelStreamingActorsUpdateExtraTime:5.0]]
[2021.05.04-12.27.11:944][  0]LogConfig: Setting CVar [[s.LevelStreamingComponentsRegistrationGranularity:10]]
[2021.05.04-12.27.11:944][  0]LogConfig: Setting CVar [[s.UnregisterComponentsTimeLimit:1.0]]
[2021.05.04-12.27.11:944][  0]LogConfig: Setting CVar [[s.LevelStreamingComponentsUnregistrationGranularity:5]]
[2021.05.04-12.27.11:944][  0]LogConfig: Setting CVar [[s.FlushStreamingOnExit:1]]
[2021.05.04-12.27.11:944][  0]LogConfig: Applying CVar settings from Section [/Script/Engine.GarbageCollectionSettings] File [S:/Documents/Unreal/BlinkTeleport/blink-teleport/BlinkTeleport/Saved/Config/Windows/Engine.ini]
[2021.05.04-12.27.11:944][  0]LogConfig: Setting CVar [[gc.MaxObjectsNotConsideredByGC:1]]
[2021.05.04-12.27.11:944][  0]LogConfig: Setting CVar [[gc.SizeOfPermanentObjectPool:0]]
[2021.05.04-12.27.11:944][  0]LogConfig: Setting CVar [[gc.FlushStreamingOnGC:0]]
[2021.05.04-12.27.11:944][  0]LogConfig: Setting CVar [[gc.NumRetriesBeforeForcingGC:10]]
[2021.05.04-12.27.11:944][  0]LogConfig: Setting CVar [[gc.AllowParallelGC:1]]
[2021.05.04-12.27.11:944][  0]LogConfig: Setting CVar [[gc.TimeBetweenPurgingPendingKillObjects:61.1]]
[2021.05.04-12.27.11:944][  0]LogConfig: Setting CVar [[gc.MaxObjectsInEditor:25165824]]
[2021.05.04-12.27.11:944][  0]LogConfig: Setting CVar [[gc.IncrementalBeginDestroyEnabled:1]]
[2021.05.04-12.27.11:944][  0]LogConfig: Setting CVar [[gc.CreateGCClusters:1]]
[2021.05.04-12.27.11:944][  0]LogConfig: Setting CVar [[gc.MinGCClusterSize:5]]
[2021.05.04-12.27.11:944][  0]LogConfig: Setting CVar [[gc.ActorClusteringEnabled:0]]
[2021.05.04-12.27.11:944][  0]LogConfig: Setting CVar [[gc.BlueprintClusteringEnabled:0]]
[2021.05.04-12.27.11:944][  0]LogConfig: Setting CVar [[gc.UseDisregardForGCOnDedicatedServers:0]]
[2021.05.04-12.27.11:944][  0]LogConfig: Applying CVar settings from Section [/Script/Engine.NetworkSettings] File [S:/Documents/Unreal/BlinkTeleport/blink-teleport/BlinkTeleport/Saved/Config/Windows/Engine.ini]
[2021.05.04-12.27.11:944][  0]LogConfig: Applying CVar settings from Section [/Script/UnrealEd.CookerSettings] File [S:/Documents/Unreal/BlinkTeleport/blink-teleport/BlinkTeleport/Saved/Config/Windows/Engine.ini]
[2021.05.04-12.27.11:980][  0]LogConfig: Applying CVar settings from Section [ViewDistanceQuality@3] File [S:/Documents/Unreal/BlinkTeleport/blink-teleport/BlinkTeleport/Saved/Config/Windows/Scalability.ini]
[2021.05.04-12.27.11:980][  0]LogConfig: Setting CVar [[r.SkeletalMeshLODBias:0]]
[2021.05.04-12.27.11:980][  0]LogConfig: Setting CVar [[r.ViewDistanceScale:1.0]]
[2021.05.04-12.27.11:980][  0]LogConfig: Applying CVar settings from Section [AntiAliasingQuality@3] File [S:/Documents/Unreal/BlinkTeleport/blink-teleport/BlinkTeleport/Saved/Config/Windows/Scalability.ini]
[2021.05.04-12.27.11:980][  0]LogConfig: Setting CVar [[r.PostProcessAAQuality:3]]
[2021.05.04-12.27.11:980][  0]LogConfig: Applying CVar settings from Section [ShadowQuality@3] File [S:/Documents/Unreal/BlinkTeleport/blink-teleport/BlinkTeleport/Saved/Config/Windows/Scalability.ini]
[2021.05.04-12.27.11:980][  0]LogConfig: Setting CVar [[r.LightFunctionQuality:1]]
[2021.05.04-12.27.11:980][  0]LogConfig: Setting CVar [[r.ShadowQuality:5]]
[2021.05.04-12.27.11:980][  0]LogConfig: Setting CVar [[r.Shadow.CSM.MaxCascades:10]]
[2021.05.04-12.27.11:980][  0]LogConfig: Setting CVar [[r.Shadow.MaxResolution:2048]]
[2021.05.04-12.27.11:980][  0]LogConfig: Setting CVar [[r.Shadow.MaxCSMResolution:2048]]
[2021.05.04-12.27.11:980][  0]LogConfig: Setting CVar [[r.Shadow.RadiusThreshold:0.01]]
[2021.05.04-12.27.11:980][  0]LogConfig: Setting CVar [[r.Shadow.DistanceScale:1.0]]
[2021.05.04-12.27.11:980][  0]LogConfig: Setting CVar [[r.Shadow.CSM.TransitionScale:1.0]]
[2021.05.04-12.27.11:980][  0]LogConfig: Setting CVar [[r.Shadow.PreShadowResolutionFactor:1.0]]
[2021.05.04-12.27.11:980][  0]LogConfig: Setting CVar [[r.DistanceFieldShadowing:1]]
[2021.05.04-12.27.11:980][  0]LogConfig: Setting CVar [[r.DistanceFieldAO:1]]
[2021.05.04-12.27.11:980][  0]LogConfig: Setting CVar [[r.AOQuality:2]]
[2021.05.04-12.27.11:980][  0]LogConfig: Setting CVar [[r.VolumetricFog:1]]
[2021.05.04-12.27.11:980][  0]LogConfig: Setting CVar [[r.VolumetricFog.GridPixelSize:8]]
[2021.05.04-12.27.11:980][  0]LogConfig: Setting CVar [[r.VolumetricFog.GridSizeZ:128]]
[2021.05.04-12.27.11:980][  0]LogConfig: Setting CVar [[r.VolumetricFog.HistoryMissSupersampleCount:4]]
[2021.05.04-12.27.11:980][  0]LogConfig: Setting CVar [[r.LightMaxDrawDistanceScale:1]]
[2021.05.04-12.27.11:980][  0]LogConfig: Setting CVar [[r.CapsuleShadows:1]]
[2021.05.04-12.27.11:980][  0]LogConfig: Applying CVar settings from Section [PostProcessQuality@3] File [S:/Documents/Unreal/BlinkTeleport/blink-teleport/BlinkTeleport/Saved/Config/Windows/Scalability.ini]
[2021.05.04-12.27.11:980][  0]LogConfig: Setting CVar [[r.MotionBlurQuality:0]]
[2021.05.04-12.27.11:980][  0]LogConfig: Setting CVar [[r.AmbientOcclusionMipLevelFactor:0.4]]
[2021.05.04-12.27.11:980][  0]LogConfig: Setting CVar [[r.AmbientOcclusionMaxQuality:100]]
[2021.05.04-12.27.11:980][  0]LogConfig: Setting CVar [[r.AmbientOcclusionLevels:0]]
[2021.05.04-12.27.11:980][  0]LogConfig: Setting CVar [[r.AmbientOcclusionRadiusScale:1.0]]
[2021.05.04-12.27.11:980][  0]LogConfig: Setting CVar [[r.DepthOfFieldQuality:0]]
[2021.05.04-12.27.11:980][  0]LogConfig: Setting CVar [[r.RenderTargetPoolMin:400]]
[2021.05.04-12.27.11:980][  0]LogConfig: Setting CVar [[r.LensFlareQuality:0]]
[2021.05.04-12.27.11:980][  0]LogConfig: Setting CVar [[r.SceneColorFringeQuality:0]]
[2021.05.04-12.27.11:980][  0]LogConfig: Setting CVar [[r.EyeAdaptationQuality:2]]
[2021.05.04-12.27.11:980][  0]LogConfig: Setting CVar [[r.BloomQuality:1]]
[2021.05.04-12.27.11:980][  0]LogConfig: Setting CVar [[r.FastBlurThreshold:0]]
[2021.05.04-12.27.11:980][  0]LogConfig: Setting CVar [[r.Upscale.Quality:3]]
[2021.05.04-12.27.11:980][  0]LogConfig: Setting CVar [[r.Tonemapper.GrainQuantization:1]]
[2021.05.04-12.27.11:980][  0]LogConfig: Setting CVar [[r.LightShaftQuality:1]]
[2021.05.04-12.27.11:980][  0]LogConfig: Setting CVar [[r.Filter.SizeScale:1]]
[2021.05.04-12.27.11:980][  0]LogConfig: Setting CVar [[r.Tonemapper.Quality:5]]
[2021.05.04-12.27.11:980][  0]LogConfig: Setting CVar [[r.DOF.Gather.AccumulatorQuality:1        ; higher gathering accumulator quality]]
[2021.05.04-12.27.11:980][  0]LogConfig: Setting CVar [[r.DOF.Gather.PostfilterMethod:1          ; Median3x3 postfilering method]]
[2021.05.04-12.27.11:980][  0]LogConfig: Setting CVar [[r.DOF.Gather.EnableBokehSettings:0       ; no bokeh simulation when gathering]]
[2021.05.04-12.27.11:980][  0]LogConfig: Setting CVar [[r.DOF.Gather.RingCount:4                 ; medium number of samples when gathering]]
[2021.05.04-12.27.11:980][  0]LogConfig: Setting CVar [[r.DOF.Scatter.ForegroundCompositing:1    ; additive foreground scattering]]
[2021.05.04-12.27.11:980][  0]LogConfig: Setting CVar [[r.DOF.Scatter.BackgroundCompositing:2    ; additive background scattering]]
[2021.05.04-12.27.11:980][  0]LogConfig: Setting CVar [[r.DOF.Scatter.EnableBokehSettings:1      ; bokeh simulation when scattering]]
[2021.05.04-12.27.11:980][  0]LogConfig: Setting CVar [[r.DOF.Scatter.MaxSpriteRatio:0.1         ; only a maximum of 10% of scattered bokeh]]
[2021.05.04-12.27.11:980][  0]LogConfig: Setting CVar [[r.DOF.Recombine.Quality:1                ; cheap slight out of focus]]
[2021.05.04-12.27.11:980][  0]LogConfig: Setting CVar [[r.DOF.Recombine.EnableBokehSettings:0    ; no bokeh simulation on slight out of focus]]
[2021.05.04-12.27.11:980][  0]LogConfig: Setting CVar [[r.DOF.TemporalAAQuality:1                ; more stable temporal accumulation]]
[2021.05.04-12.27.11:980][  0]LogConfig: Setting CVar [[r.DOF.Kernel.MaxForegroundRadius:0.025]]
[2021.05.04-12.27.11:980][  0]LogConfig: Setting CVar [[r.DOF.Kernel.MaxBackgroundRadius:0.025]]
[2021.05.04-12.27.11:980][  0]LogConfig: Applying CVar settings from Section [TextureQuality@3] File [S:/Documents/Unreal/BlinkTeleport/blink-teleport/BlinkTeleport/Saved/Config/Windows/Scalability.ini]
[2021.05.04-12.27.11:980][  0]LogConfig: Setting CVar [[r.Streaming.MipBias:0]]
[2021.05.04-12.27.11:980][  0]LogConfig: Setting CVar [[r.Streaming.AmortizeCPUToGPUCopy:0]]
[2021.05.04-12.27.11:980][  0]LogConfig: Setting CVar [[r.Streaming.MaxNumTexturesToStreamPerFrame:0]]
[2021.05.04-12.27.11:980][  0]LogConfig: Setting CVar [[r.Streaming.Boost:1]]
[2021.05.04-12.27.11:980][  0]LogConfig: Setting CVar [[r.MaxAnisotropy:8]]
[2021.05.04-12.27.11:980][  0]LogConfig: Setting CVar [[r.VT.MaxAnisotropy:8]]
[2021.05.04-12.27.11:980][  0]LogConfig: Setting CVar [[r.Streaming.LimitPoolSizeToVRAM:0]]
[2021.05.04-12.27.11:980][  0]LogConfig: Setting CVar [[r.Streaming.PoolSize:1000]]
[2021.05.04-12.27.11:980][  0]LogConfig: Setting CVar [[r.Streaming.MaxEffectiveScreenSize:0]]
[2021.05.04-12.27.11:980][  0]LogConfig: Applying CVar settings from Section [EffectsQuality@3] File [S:/Documents/Unreal/BlinkTeleport/blink-teleport/BlinkTeleport/Saved/Config/Windows/Scalability.ini]
[2021.05.04-12.27.11:980][  0]LogConfig: Setting CVar [[r.TranslucencyLightingVolumeDim:4]]
[2021.05.04-12.27.11:980][  0]LogConfig: Setting CVar [[r.RefractionQuality:2]]
[2021.05.04-12.27.11:980][  0]LogConfig: Setting CVar [[r.SSR.Quality:0]]
[2021.05.04-12.27.11:980][  0]LogConfig: Setting CVar [[r.SSR.HalfResSceneColor:0]]
[2021.05.04-12.27.11:980][  0]LogConfig: Setting CVar [[r.SceneColorFormat:2]]
[2021.05.04-12.27.11:980][  0]LogConfig: Setting CVar [[r.DetailMode:2]]
[2021.05.04-12.27.11:980][  0]LogConfig: Setting CVar [[r.TranslucencyVolumeBlur:0]]
[2021.05.04-12.27.11:980][  0]LogConfig: Setting CVar [[r.MaterialQualityLevel:1 ; High quality]]
[2021.05.04-12.27.11:980][  0]LogConfig: Setting CVar [[r.SSS.Scale:1]]
[2021.05.04-12.27.11:981][  0]LogConfig: Setting CVar [[r.SSS.SampleSet:2]]
[2021.05.04-12.27.11:981][  0]LogConfig: Setting CVar [[r.SSS.Quality:1]]
[2021.05.04-12.27.11:981][  0]LogConfig: Setting CVar [[r.SSS.HalfRes:0]]
[2021.05.04-12.27.11:981][  0]LogConfig: Setting CVar [[r.SSGI.Quality:3]]
[2021.05.04-12.27.11:981][  0]LogConfig: Setting CVar [[r.EmitterSpawnRateScale:1.0]]
[2021.05.04-12.27.11:981][  0]LogConfig: Setting CVar [[r.ParticleLightQuality:2]]
[2021.05.04-12.27.11:981][  0]LogConfig: Setting CVar [[r.SkyAtmosphere.AerialPerspectiveLUT.FastApplyOnOpaque:1 ; Always have FastSkyLUT 1 in this case to avoid wrong sky]]
[2021.05.04-12.27.11:981][  0]LogConfig: Setting CVar [[r.SkyAtmosphere.AerialPerspectiveLUT.SampleCountPerSlice:1]]
[2021.05.04-12.27.11:981][  0]LogConfig: Setting CVar [[r.SkyAtmosphere.AerialPerspectiveLUT.DepthResolution:16.0]]
[2021.05.04-12.27.11:981][  0]LogConfig: Setting CVar [[r.SkyAtmosphere.FastSkyLUT:1]]
[2021.05.04-12.27.11:981][  0]LogConfig: Setting CVar [[r.SkyAtmosphere.FastSkyLUT.SampleCountMin:4.0]]
[2021.05.04-12.27.11:981][  0]LogConfig: Setting CVar [[r.SkyAtmosphere.FastSkyLUT.SampleCountMax:32.0]]
[2021.05.04-12.27.11:981][  0]LogConfig: Setting CVar [[r.SkyAtmosphere.SampleCountMin:4.0]]
[2021.05.04-12.27.11:981][  0]LogConfig: Setting CVar [[r.SkyAtmosphere.SampleCountMax:32.0]]
[2021.05.04-12.27.11:981][  0]LogConfig: Setting CVar [[r.SkyAtmosphere.TransmittanceLUT.UseSmallFormat:0]]
[2021.05.04-12.27.11:981][  0]LogConfig: Setting CVar [[r.SkyAtmosphere.TransmittanceLUT.SampleCount:10.0]]
[2021.05.04-12.27.11:981][  0]LogConfig: Setting CVar [[r.SkyAtmosphere.MultiScatteringLUT.SampleCount:15.0]]
[2021.05.04-12.27.11:981][  0]LogConfig: Applying CVar settings from Section [FoliageQuality@3] File [S:/Documents/Unreal/BlinkTeleport/blink-teleport/BlinkTeleport/Saved/Config/Windows/Scalability.ini]
[2021.05.04-12.27.11:981][  0]LogConfig: Setting CVar [[foliage.DensityScale:1.0]]
[2021.05.04-12.27.11:981][  0]LogConfig: Setting CVar [[grass.DensityScale:1.0]]
[2021.05.04-12.27.11:981][  0]LogConfig: Applying CVar settings from Section [ShadingQuality@3] File [S:/Documents/Unreal/BlinkTeleport/blink-teleport/BlinkTeleport/Saved/Config/Windows/Scalability.ini]
[2021.05.04-12.27.11:981][  0]LogConfig: Setting CVar [[r.HairStrands.SkyLighting.SampleCount:16]]
[2021.05.04-12.27.11:981][  0]LogConfig: Setting CVar [[r.HairStrands.SkyLighting.JitterIntegration:0]]
[2021.05.04-12.27.11:981][  0]LogConfig: Setting CVar [[r.HairStrands.SkyAO.SampleCount:16]]
[2021.05.04-12.27.11:981][  0]LogConfig: Setting CVar [[r.HairStrands.DeepShadow.SuperSampling:0]]
[2021.05.04-12.27.11:981][  0]LogConfig: Setting CVar [[r.HairStrands.VisibilityPPLL:0]]
[2021.05.04-12.27.11:981][  0]LogConfig: Setting CVar [[r.HairStrands.RasterizationScale:0.5]]
[2021.05.04-12.27.11:981][  0]LogConfig: Setting CVar [[r.HairStrands.VelocityRasterizationScale:1]]
[2021.05.04-12.27.11:987][  0]LogInit: Selected Device Profile: [Windows]
[2021.05.04-12.27.11:987][  0]LogInit: Applying CVar settings loaded from the selected device profile: [Windows]
[2021.05.04-12.27.11:991][  0]LogHAL: Display: Platform has ~ 16 GB [17119219712 / 17179869184 / 16], which maps to Larger [LargestMinGB=32, LargerMinGB=12, DefaultMinGB=8, SmallerMinGB=6, SmallestMinGB=0)
[2021.05.04-12.27.11:991][  0]LogInit: Going up to parent DeviceProfile []
[2021.05.04-12.27.11:991][  0]LogConfig: Applying CVar settings from Section [ViewDistanceQuality@3] File [S:/Documents/Unreal/BlinkTeleport/blink-teleport/BlinkTeleport/Saved/Config/Windows/Scalability.ini]
[2021.05.04-12.27.11:991][  0]LogConfig: Setting CVar [[r.SkeletalMeshLODBias:0]]
[2021.05.04-12.27.11:991][  0]LogConfig: Setting CVar [[r.ViewDistanceScale:1.0]]
[2021.05.04-12.27.11:991][  0]LogConfig: Applying CVar settings from Section [AntiAliasingQuality@3] File [S:/Documents/Unreal/BlinkTeleport/blink-teleport/BlinkTeleport/Saved/Config/Windows/Scalability.ini]
[2021.05.04-12.27.11:991][  0]LogConfig: Setting CVar [[r.PostProcessAAQuality:3]]
[2021.05.04-12.27.11:991][  0]LogConfig: Applying CVar settings from Section [ShadowQuality@3] File [S:/Documents/Unreal/BlinkTeleport/blink-teleport/BlinkTeleport/Saved/Config/Windows/Scalability.ini]
[2021.05.04-12.27.11:991][  0]LogConfig: Setting CVar [[r.LightFunctionQuality:1]]
[2021.05.04-12.27.11:991][  0]LogConfig: Setting CVar [[r.ShadowQuality:5]]
[2021.05.04-12.27.11:991][  0]LogConfig: Setting CVar [[r.Shadow.CSM.MaxCascades:10]]
[2021.05.04-12.27.11:991][  0]LogConfig: Setting CVar [[r.Shadow.MaxResolution:2048]]
[2021.05.04-12.27.11:991][  0]LogConfig: Setting CVar [[r.Shadow.MaxCSMResolution:2048]]
[2021.05.04-12.27.11:991][  0]LogConfig: Setting CVar [[r.Shadow.RadiusThreshold:0.01]]
[2021.05.04-12.27.11:991][  0]LogConfig: Setting CVar [[r.Shadow.DistanceScale:1.0]]
[2021.05.04-12.27.11:991][  0]LogConfig: Setting CVar [[r.Shadow.CSM.TransitionScale:1.0]]
[2021.05.04-12.27.11:991][  0]LogConfig: Setting CVar [[r.Shadow.PreShadowResolutionFactor:1.0]]
[2021.05.04-12.27.11:991][  0]LogConfig: Setting CVar [[r.DistanceFieldShadowing:1]]
[2021.05.04-12.27.11:991][  0]LogConfig: Setting CVar [[r.DistanceFieldAO:1]]
[2021.05.04-12.27.11:992][  0]LogConfig: Setting CVar [[r.AOQuality:2]]
[2021.05.04-12.27.11:992][  0]LogConfig: Setting CVar [[r.VolumetricFog:1]]
[2021.05.04-12.27.11:992][  0]LogConfig: Setting CVar [[r.VolumetricFog.GridPixelSize:8]]
[2021.05.04-12.27.11:992][  0]LogConfig: Setting CVar [[r.VolumetricFog.GridSizeZ:128]]
[2021.05.04-12.27.11:992][  0]LogConfig: Setting CVar [[r.VolumetricFog.HistoryMissSupersampleCount:4]]
[2021.05.04-12.27.11:992][  0]LogConfig: Setting CVar [[r.LightMaxDrawDistanceScale:1]]
[2021.05.04-12.27.11:992][  0]LogConfig: Setting CVar [[r.CapsuleShadows:1]]
[2021.05.04-12.27.11:992][  0]LogConfig: Applying CVar settings from Section [PostProcessQuality@3] File [S:/Documents/Unreal/BlinkTeleport/blink-teleport/BlinkTeleport/Saved/Config/Windows/Scalability.ini]
[2021.05.04-12.27.11:992][  0]LogConfig: Setting CVar [[r.MotionBlurQuality:0]]
[2021.05.04-12.27.11:992][  0]LogConfig: Setting CVar [[r.AmbientOcclusionMipLevelFactor:0.4]]
[2021.05.04-12.27.11:992][  0]LogConfig: Setting CVar [[r.AmbientOcclusionMaxQuality:100]]
[2021.05.04-12.27.11:992][  0]LogConfig: Setting CVar [[r.AmbientOcclusionLevels:0]]
[2021.05.04-12.27.11:992][  0]LogConfig: Setting CVar [[r.AmbientOcclusionRadiusScale:1.0]]
[2021.05.04-12.27.11:992][  0]LogConfig: Setting CVar [[r.DepthOfFieldQuality:0]]
[2021.05.04-12.27.11:992][  0]LogConfig: Setting CVar [[r.RenderTargetPoolMin:400]]
[2021.05.04-12.27.11:992][  0]LogConfig: Setting CVar [[r.LensFlareQuality:0]]
[2021.05.04-12.27.11:992][  0]LogConfig: Setting CVar [[r.SceneColorFringeQuality:0]]
[2021.05.04-12.27.11:992][  0]LogConfig: Setting CVar [[r.EyeAdaptationQuality:2]]
[2021.05.04-12.27.11:992][  0]LogConfig: Setting CVar [[r.BloomQuality:1]]
[2021.05.04-12.27.11:992][  0]LogConfig: Setting CVar [[r.FastBlurThreshold:0]]
[2021.05.04-12.27.11:992][  0]LogConfig: Setting CVar [[r.Upscale.Quality:3]]
[2021.05.04-12.27.11:992][  0]LogConfig: Setting CVar [[r.Tonemapper.GrainQuantization:1]]
[2021.05.04-12.27.11:992][  0]LogConfig: Setting CVar [[r.LightShaftQuality:1]]
[2021.05.04-12.27.11:992][  0]LogConfig: Setting CVar [[r.Filter.SizeScale:1]]
[2021.05.04-12.27.11:992][  0]LogConfig: Setting CVar [[r.Tonemapper.Quality:5]]
[2021.05.04-12.27.11:992][  0]LogConfig: Setting CVar [[r.DOF.Gather.AccumulatorQuality:1        ; higher gathering accumulator quality]]
[2021.05.04-12.27.11:992][  0]LogConfig: Setting CVar [[r.DOF.Gather.PostfilterMethod:1          ; Median3x3 postfilering method]]
[2021.05.04-12.27.11:992][  0]LogConfig: Setting CVar [[r.DOF.Gather.EnableBokehSettings:0       ; no bokeh simulation when gathering]]
[2021.05.04-12.27.11:992][  0]LogConfig: Setting CVar [[r.DOF.Gather.RingCount:4                 ; medium number of samples when gathering]]
[2021.05.04-12.27.11:992][  0]LogConfig: Setting CVar [[r.DOF.Scatter.ForegroundCompositing:1    ; additive foreground scattering]]
[2021.05.04-12.27.11:992][  0]LogConfig: Setting CVar [[r.DOF.Scatter.BackgroundCompositing:2    ; additive background scattering]]
[2021.05.04-12.27.11:992][  0]LogConfig: Setting CVar [[r.DOF.Scatter.EnableBokehSettings:1      ; bokeh simulation when scattering]]
[2021.05.04-12.27.11:992][  0]LogConfig: Setting CVar [[r.DOF.Scatter.MaxSpriteRatio:0.1         ; only a maximum of 10% of scattered bokeh]]
[2021.05.04-12.27.11:992][  0]LogConfig: Setting CVar [[r.DOF.Recombine.Quality:1                ; cheap slight out of focus]]
[2021.05.04-12.27.11:992][  0]LogConfig: Setting CVar [[r.DOF.Recombine.EnableBokehSettings:0    ; no bokeh simulation on slight out of focus]]
[2021.05.04-12.27.11:992][  0]LogConfig: Setting CVar [[r.DOF.TemporalAAQuality:1                ; more stable temporal accumulation]]
[2021.05.04-12.27.11:992][  0]LogConfig: Setting CVar [[r.DOF.Kernel.MaxForegroundRadius:0.025]]
[2021.05.04-12.27.11:992][  0]LogConfig: Setting CVar [[r.DOF.Kernel.MaxBackgroundRadius:0.025]]
[2021.05.04-12.27.11:992][  0]LogConfig: Applying CVar settings from Section [TextureQuality@3] File [S:/Documents/Unreal/BlinkTeleport/blink-teleport/BlinkTeleport/Saved/Config/Windows/Scalability.ini]
[2021.05.04-12.27.11:992][  0]LogConfig: Setting CVar [[r.Streaming.MipBias:0]]
[2021.05.04-12.27.11:992][  0]LogConfig: Setting CVar [[r.Streaming.AmortizeCPUToGPUCopy:0]]
[2021.05.04-12.27.11:992][  0]LogConfig: Setting CVar [[r.Streaming.MaxNumTexturesToStreamPerFrame:0]]
[2021.05.04-12.27.11:992][  0]LogConfig: Setting CVar [[r.Streaming.Boost:1]]
[2021.05.04-12.27.11:992][  0]LogConfig: Setting CVar [[r.MaxAnisotropy:8]]
[2021.05.04-12.27.11:992][  0]LogConfig: Setting CVar [[r.VT.MaxAnisotropy:8]]
[2021.05.04-12.27.11:992][  0]LogConfig: Setting CVar [[r.Streaming.LimitPoolSizeToVRAM:0]]
[2021.05.04-12.27.11:992][  0]LogConfig: Setting CVar [[r.Streaming.PoolSize:1000]]
[2021.05.04-12.27.11:992][  0]LogConfig: Setting CVar [[r.Streaming.MaxEffectiveScreenSize:0]]
[2021.05.04-12.27.11:992][  0]LogConfig: Applying CVar settings from Section [EffectsQuality@3] File [S:/Documents/Unreal/BlinkTeleport/blink-teleport/BlinkTeleport/Saved/Config/Windows/Scalability.ini]
[2021.05.04-12.27.11:992][  0]LogConfig: Setting CVar [[r.TranslucencyLightingVolumeDim:4]]
[2021.05.04-12.27.11:992][  0]LogConfig: Setting CVar [[r.RefractionQuality:2]]
[2021.05.04-12.27.11:992][  0]LogConfig: Setting CVar [[r.SSR.Quality:0]]
[2021.05.04-12.27.11:992][  0]LogConfig: Setting CVar [[r.SSR.HalfResSceneColor:0]]
[2021.05.04-12.27.11:992][  0]LogConfig: Setting CVar [[r.SceneColorFormat:2]]
[2021.05.04-12.27.11:992][  0]LogConfig: Setting CVar [[r.DetailMode:2]]
[2021.05.04-12.27.11:992][  0]LogConfig: Setting CVar [[r.TranslucencyVolumeBlur:0]]
[2021.05.04-12.27.11:992][  0]LogConfig: Setting CVar [[r.MaterialQualityLevel:1 ; High quality]]
[2021.05.04-12.27.11:992][  0]LogConfig: Setting CVar [[r.SSS.Scale:1]]
[2021.05.04-12.27.11:992][  0]LogConfig: Setting CVar [[r.SSS.SampleSet:2]]
[2021.05.04-12.27.11:992][  0]LogConfig: Setting CVar [[r.SSS.Quality:1]]
[2021.05.04-12.27.11:992][  0]LogConfig: Setting CVar [[r.SSS.HalfRes:0]]
[2021.05.04-12.27.11:992][  0]LogConfig: Setting CVar [[r.SSGI.Quality:3]]
[2021.05.04-12.27.11:992][  0]LogConfig: Setting CVar [[r.EmitterSpawnRateScale:1.0]]
[2021.05.04-12.27.11:992][  0]LogConfig: Setting CVar [[r.ParticleLightQuality:2]]
[2021.05.04-12.27.11:992][  0]LogConfig: Setting CVar [[r.SkyAtmosphere.AerialPerspectiveLUT.FastApplyOnOpaque:1 ; Always have FastSkyLUT 1 in this case to avoid wrong sky]]
[2021.05.04-12.27.11:992][  0]LogConfig: Setting CVar [[r.SkyAtmosphere.AerialPerspectiveLUT.SampleCountPerSlice:1]]
[2021.05.04-12.27.11:992][  0]LogConfig: Setting CVar [[r.SkyAtmosphere.AerialPerspectiveLUT.DepthResolution:16.0]]
[2021.05.04-12.27.11:992][  0]LogConfig: Setting CVar [[r.SkyAtmosphere.FastSkyLUT:1]]
[2021.05.04-12.27.11:992][  0]LogConfig: Setting CVar [[r.SkyAtmosphere.FastSkyLUT.SampleCountMin:4.0]]
[2021.05.04-12.27.11:992][  0]LogConfig: Setting CVar [[r.SkyAtmosphere.FastSkyLUT.SampleCountMax:32.0]]
[2021.05.04-12.27.11:992][  0]LogConfig: Setting CVar [[r.SkyAtmosphere.SampleCountMin:4.0]]
[2021.05.04-12.27.11:992][  0]LogConfig: Setting CVar [[r.SkyAtmosphere.SampleCountMax:32.0]]
[2021.05.04-12.27.11:992][  0]LogConfig: Setting CVar [[r.SkyAtmosphere.TransmittanceLUT.UseSmallFormat:0]]
[2021.05.04-12.27.11:992][  0]LogConfig: Setting CVar [[r.SkyAtmosphere.TransmittanceLUT.SampleCount:10.0]]
[2021.05.04-12.27.11:992][  0]LogConfig: Setting CVar [[r.SkyAtmosphere.MultiScatteringLUT.SampleCount:15.0]]
[2021.05.04-12.27.11:992][  0]LogConfig: Applying CVar settings from Section [FoliageQuality@3] File [S:/Documents/Unreal/BlinkTeleport/blink-teleport/BlinkTeleport/Saved/Config/Windows/Scalability.ini]
[2021.05.04-12.27.11:992][  0]LogConfig: Setting CVar [[foliage.DensityScale:1.0]]
[2021.05.04-12.27.11:992][  0]LogConfig: Setting CVar [[grass.DensityScale:1.0]]
[2021.05.04-12.27.11:992][  0]LogConfig: Applying CVar settings from Section [ShadingQuality@3] File [S:/Documents/Unreal/BlinkTeleport/blink-teleport/BlinkTeleport/Saved/Config/Windows/Scalability.ini]
[2021.05.04-12.27.11:992][  0]LogConfig: Setting CVar [[r.HairStrands.SkyLighting.SampleCount:16]]
[2021.05.04-12.27.11:992][  0]LogConfig: Setting CVar [[r.HairStrands.SkyLighting.JitterIntegration:0]]
[2021.05.04-12.27.11:992][  0]LogConfig: Setting CVar [[r.HairStrands.SkyAO.SampleCount:16]]
[2021.05.04-12.27.11:992][  0]LogConfig: Setting CVar [[r.HairStrands.DeepShadow.SuperSampling:0]]
[2021.05.04-12.27.11:992][  0]LogConfig: Setting CVar [[r.HairStrands.VisibilityPPLL:0]]
[2021.05.04-12.27.11:993][  0]LogConfig: Setting CVar [[r.HairStrands.RasterizationScale:0.5]]
[2021.05.04-12.27.11:993][  0]LogConfig: Setting CVar [[r.HairStrands.VelocityRasterizationScale:1]]
[2021.05.04-12.27.11:993][  0]LogConfig: Applying CVar settings from Section [Startup] File [../../../Engine/Config/ConsoleVariables.ini]
[2021.05.04-12.27.12:009][  0]LogConfig: Setting CVar [[net.UseAdaptiveNetUpdateFrequency:0]]
[2021.05.04-12.27.12:009][  0]LogConfig: Setting CVar [[p.chaos.AllowCreatePhysxBodies:1]]
[2021.05.04-12.27.12:009][  0]LogConfig: Setting CVar [[fx.SkipVectorVMBackendOptimizations:1]]
[2021.05.04-12.27.12:009][  0]LogConfig: Applying CVar settings from Section [ConsoleVariables] File [S:/Documents/Unreal/BlinkTeleport/blink-teleport/BlinkTeleport/Saved/Config/Windows/Engine.ini]
[2021.05.04-12.27.12:010][  0]LogInit: Computer: DOHERTYS-DESKTO
[2021.05.04-12.27.12:010][  0]LogInit: User: Doherty
[2021.05.04-12.27.12:010][  0]LogInit: CPU Page size=4096, Cores=4
[2021.05.04-12.27.12:010][  0]LogInit: High frequency timer resolution =10.000000 MHz
[2021.05.04-12.27.12:010][  0]LogMemory: Memory total: Physical=15.9GB (16GB approx)
[2021.05.04-12.27.12:010][  0]LogMemory: Platform Memory Stats for Windows
[2021.05.04-12.27.12:010][  0]LogMemory: Process Physical Memory: 123.11 MB used, 123.11 MB peak
[2021.05.04-12.27.12:010][  0]LogMemory: Process Virtual Memory: 102.07 MB used, 102.07 MB peak
[2021.05.04-12.27.12:010][  0]LogMemory: Physical Memory: 6298.36 MB used,  10027.80 MB free, 16326.16 MB total
[2021.05.04-12.27.12:010][  0]LogMemory: Virtual Memory: 5190.03 MB used,  134212536.00 MB free, 134217728.00 MB total
[2021.05.04-12.27.12:018][  0]LogWindows: WindowsPlatformFeatures enabled
[2021.05.04-12.27.13:064][  0]LogInit: Physics initialised using underlying interface: PhysX
[2021.05.04-12.27.13:088][  0]LogInit: Using OS detected language (en-US).
[2021.05.04-12.27.13:088][  0]LogInit: Using OS detected locale (en-GB).
[2021.05.04-12.27.13:133][  0]LogTextLocalizationManager: No specific localization for 'en-US' exists, so the 'en' localization will be used.
[2021.05.04-12.27.13:868][  0]LogInit: Setting process to per monitor DPI aware
[2021.05.04-12.27.14:314][  0]LogSlate: New Slate User Created.  User Index 0, Is Virtual User: 0
[2021.05.04-12.27.14:314][  0]LogSlate: Slate User Registered.  User Index 0, Is Virtual User: 0
[2021.05.04-12.27.22:829][  0]LogHMD: Failed to initialize OpenVR with code 108
[2021.05.04-12.27.22:829][  0]LogD3D11RHI: D3D11 min allowed feature level: 11_0
[2021.05.04-12.27.22:829][  0]LogD3D11RHI: D3D11 max allowed feature level: 11_0
[2021.05.04-12.27.22:829][  0]LogD3D11RHI: D3D11 adapters:
[2021.05.04-12.27.22:920][  0]LogD3D11RHI:    0. 'NVIDIA GeForce GTX 1080' (Feature Level 11_0)
[2021.05.04-12.27.22:920][  0]LogD3D11RHI:       8079/0/8163 MB DedicatedVideo/DedicatedSystem/SharedSystem, Outputs:1, VendorId:0x10de
[2021.05.04-12.27.22:923][  0]LogD3D11RHI:    1. 'Microsoft Basic Render Driver' (Feature Level 11_0)
[2021.05.04-12.27.22:923][  0]LogD3D11RHI:       0/0/8163 MB DedicatedVideo/DedicatedSystem/SharedSystem, Outputs:0, VendorId:0x1414
[2021.05.04-12.27.22:923][  0]LogD3D11RHI: Chosen D3D11 Adapter: 0
[2021.05.04-12.27.22:931][  0]LogD3D11RHI: Creating new Direct3DDevice
[2021.05.04-12.27.22:931][  0]LogD3D11RHI:     GPU DeviceId: 0x1b80 (for the marketing name, search the web for "GPU Device Id")
[2021.05.04-12.27.22:931][  0]LogWindows: EnumDisplayDevices:
[2021.05.04-12.27.22:931][  0]LogWindows:    0. 'NVIDIA GeForce GTX 1080' (P:1 D:1)
[2021.05.04-12.27.22:931][  0]LogWindows:    1. 'NVIDIA GeForce GTX 1080' (P:0 D:0)
[2021.05.04-12.27.22:932][  0]LogWindows:    2. 'NVIDIA GeForce GTX 1080' (P:0 D:0)
[2021.05.04-12.27.22:932][  0]LogWindows:    3. 'NVIDIA GeForce GTX 1080' (P:0 D:0)
[2021.05.04-12.27.22:932][  0]LogWindows: DebugString: FoundDriverCount:4 
[2021.05.04-12.27.22:932][  0]LogD3D11RHI:     Adapter Name: NVIDIA GeForce GTX 1080
[2021.05.04-12.27.22:932][  0]LogD3D11RHI:   Driver Version: 456.38 (internal:27.21.14.5638, unified:456.38)
[2021.05.04-12.27.22:932][  0]LogD3D11RHI:      Driver Date: 9-14-2020
[2021.05.04-12.27.22:932][  0]LogRHI: Texture pool is 5655 MB (70% of 8079 MB)
[2021.05.04-12.27.23:057][  0]LogD3D11RHI: RHI has support for 64 bit atomics
[2021.05.04-12.27.23:081][  0]LogD3D11RHI: [Aftermath] Enabled and primed
[2021.05.04-12.27.23:081][  0]LogD3D11RHI: Async texture creation enabled
[2021.05.04-12.27.23:081][  0]LogD3D11RHI: Array index from any shader is supported
[2021.05.04-12.27.23:307][  0]LogD3D11RHI: GPU Timing Frequency: 1000.000000 (Debug: 2 1)
[2021.05.04-12.27.24:098][  0]LogTargetPlatformManager: Display: Loaded TargetPlatform 'AllDesktop'
[2021.05.04-12.27.24:163][  0]LogTargetPlatformManager: Display: Loaded TargetPlatform 'Android'
[2021.05.04-12.27.24:163][  0]LogTargetPlatformManager: Display: Loaded TargetPlatform 'Android_ASTC'
[2021.05.04-12.27.24:163][  0]LogTargetPlatformManager: Display: Loaded TargetPlatform 'Android_DXT'
[2021.05.04-12.27.24:163][  0]LogTargetPlatformManager: Display: Loaded TargetPlatform 'Android_ETC2'
[2021.05.04-12.27.24:163][  0]LogTargetPlatformManager: Display: Loaded TargetPlatform 'AndroidClient'
[2021.05.04-12.27.24:163][  0]LogTargetPlatformManager: Display: Loaded TargetPlatform 'Android_ASTCClient'
[2021.05.04-12.27.24:163][  0]LogTargetPlatformManager: Display: Loaded TargetPlatform 'Android_DXTClient'
[2021.05.04-12.27.24:163][  0]LogTargetPlatformManager: Display: Loaded TargetPlatform 'Android_ETC2Client'
[2021.05.04-12.27.24:163][  0]LogTargetPlatformManager: Display: Loaded TargetPlatform 'Android_Multi'
[2021.05.04-12.27.24:164][  0]LogTargetPlatformManager: Display: Loaded TargetPlatform 'Android_MultiClient'
[2021.05.04-12.27.24:292][  0]LogTargetPlatformManager: Display: Loaded TargetPlatform 'IOSClient'
[2021.05.04-12.27.24:292][  0]LogTargetPlatformManager: Display: Loaded TargetPlatform 'IOS'
[2021.05.04-12.27.24:331][  0]LogTargetPlatformManager: Display: Loaded TargetPlatform 'Linux'
[2021.05.04-12.27.24:362][  0]LogTargetPlatformManager: Display: Loaded TargetPlatform 'LinuxNoEditor'
[2021.05.04-12.27.24:386][  0]LogTargetPlatformManager: Display: Loaded TargetPlatform 'LinuxClient'
[2021.05.04-12.27.24:418][  0]LogTargetPlatformManager: Display: Loaded TargetPlatform 'LinuxServer'
[2021.05.04-12.27.24:442][  0]LogTargetPlatformManager: Display: Loaded TargetPlatform 'LinuxAArch64NoEditor'
[2021.05.04-12.27.24:466][  0]LogTargetPlatformManager: Display: Loaded TargetPlatform 'LinuxAArch64Client'
[2021.05.04-12.27.24:492][  0]LogTargetPlatformManager: Display: Loaded TargetPlatform 'LinuxAArch64Server'
[2021.05.04-12.27.24:560][  0]LogTargetPlatformManager: Display: Loaded TargetPlatform 'Lumin'
[2021.05.04-12.27.24:560][  0]LogTargetPlatformManager: Display: Loaded TargetPlatform 'LuminClient'
[2021.05.04-12.27.24:599][  0]LogTargetPlatformManager: Display: Loaded TargetPlatform 'TVOSClient'
[2021.05.04-12.27.24:599][  0]LogTargetPlatformManager: Display: Loaded TargetPlatform 'TVOS'
[2021.05.04-12.27.24:664][  0]LogTargetPlatformManager: Display: Loaded TargetPlatform 'WindowsNoEditor'
[2021.05.04-12.27.24:712][  0]LogTargetPlatformManager: Display: Loaded TargetPlatform 'Windows'
[2021.05.04-12.27.24:736][  0]LogTargetPlatformManager: Display: Loaded TargetPlatform 'WindowsClient'
[2021.05.04-12.27.24:759][  0]LogTargetPlatformManager: Display: Loaded TargetPlatform 'WindowsServer'
[2021.05.04-12.27.24:759][  0]LogTargetPlatformManager: Display: Building Assets For Windows
[2021.05.04-12.27.24:926][  0]LogAudioDebug: Display: Lib vorbis DLL was dynamically loaded.
[2021.05.04-12.27.25:665][  0]LogShaderCompilers: Guid format shader working directory is -30 characters bigger than the processId version (../../../../../../Documents/Unreal/BlinkTeleport/blink-teleport/BlinkTeleport/Intermediate/Shaders/WorkingDirectory/20912/).
[2021.05.04-12.27.25:665][  0]LogShaderCompilers: Cleaned the shader compiler working directory 'C:/Users/Doherty/AppData/Local/Temp/UnrealShaderWorkingDir/9B538E9D43B97E5110458EABF85DA451/'.
[2021.05.04-12.27.25:703][  0]LogXGEController: Cleaning working directory: C:/Users/Doherty/AppData/Local/Temp/UnrealXGEWorkingDir/
[2021.05.04-12.27.25:703][  0]LogXGEController: Cannot use XGE Controller as Incredibuild is not installed on this machine.
[2021.05.04-12.27.25:703][  0]LogShaderCompilers: Cannot use XGE Shader Compiler as Incredibuild is not installed on this machine.
[2021.05.04-12.27.25:703][  0]LogShaderCompilers: Display: Using Local Shader Compiler.
[2021.05.04-12.27.29:872][  0]LogDerivedDataCache: Display: Max Cache Size: 512 MB
[2021.05.04-12.27.30:222][  0]LogDerivedDataCache: Loaded boot cache 0.35s 80MB C:/Users/Doherty/AppData/Local/UnrealEngine/4.25/DerivedDataCache/Boot.ddc.
[2021.05.04-12.27.30:222][  0]LogDerivedDataCache: Display: Loaded Boot cache: C:/Users/Doherty/AppData/Local/UnrealEngine/4.25/DerivedDataCache/Boot.ddc
[2021.05.04-12.27.30:231][  0]LogDerivedDataCache: FDerivedDataBackendGraph:  Pak pak cache file ../../../../../../Documents/Unreal/BlinkTeleport/blink-teleport/BlinkTeleport/DerivedDataCache/DDC.ddp not found, will not use a pak cache.
[2021.05.04-12.27.30:231][  0]LogDerivedDataCache: Unable to find inner node Pak for hierarchical cache Hierarchy.
[2021.05.04-12.27.30:231][  0]LogDerivedDataCache: FDerivedDataBackendGraph:  CompressedPak pak cache file ../../../../../../Documents/Unreal/BlinkTeleport/blink-teleport/BlinkTeleport/DerivedDataCache/Compressed.ddp not found, will not use a pak cache.
[2021.05.04-12.27.30:231][  0]LogDerivedDataCache: Unable to find inner node CompressedPak for hierarchical cache Hierarchy.
[2021.05.04-12.27.30:290][  0]LogDerivedDataCache: Display: Pak cache opened for reading ../../../Engine/DerivedDataCache/Compressed.ddp.
[2021.05.04-12.27.30:290][  0]LogDerivedDataCache: FDerivedDataBackendGraph:  EnterprisePak pak cache file ../../../Enterprise/DerivedDataCache/Compressed.ddp not found, will not use a pak cache.
[2021.05.04-12.27.30:290][  0]LogDerivedDataCache: Unable to find inner node EnterprisePak for hierarchical cache Hierarchy.
[2021.05.04-12.27.30:293][  0]LogDerivedDataCache: Using Local data cache path C:/Users/Doherty/AppData/Local/UnrealEngine/Common/DerivedDataCache: Writable
[2021.05.04-12.27.30:293][  0]LogDerivedDataCache: Shared data cache path not found in *engine.ini, will not use an Shared cache.
[2021.05.04-12.27.30:293][  0]LogDerivedDataCache: Unable to find inner node Shared for hierarchical cache Hierarchy.
[2021.05.04-12.27.30:408][  0]LogSlate: Using FreeType 2.10.0
[2021.05.04-12.27.30:478][  0]LogSlate: SlateFontServices - WITH_FREETYPE: 1, WITH_HARFBUZZ: 1
[2021.05.04-12.27.31:025][  0]LogAssetRegistry: FAssetRegistry took 0.0059 seconds to start up
[2021.05.04-12.27.33:405][  0]LogInit: Selected Device Profile: [Windows]
[2021.05.04-12.27.34:856][  0]LogMeshReduction: Using QuadricMeshReduction for automatic static mesh reduction
[2021.05.04-12.27.34:856][  0]LogMeshReduction: Using SimplygonMeshReduction for automatic skeletal mesh reduction
[2021.05.04-12.27.34:856][  0]LogMeshReduction: Using ProxyLODMeshReduction for automatic mesh merging
[2021.05.04-12.27.34:856][  0]LogMeshReduction: No distributed automatic mesh merging module available
[2021.05.04-12.27.34:874][  0]LogMeshMerging: No distributed automatic mesh merging module available
[2021.05.04-12.27.35:105][  0]LogNetVersion: BlinkTeleport 1.0.0, NetCL: 13144385, EngineNetVer: 14, GameNetVer: 0 (Checksum: 59473965)
[2021.05.04-12.27.41:492][  0]LogAISub: UAISubsystem::UAISubsystem AISubsystem (0000022D0A47FFC0), frame # 0
[2021.05.04-12.27.41:492][  0]LogAISub: UAISubsystem::UAISubsystem AIPerceptionSystem (0000022D0A49EAC0), frame # 0
[2021.05.04-12.27.41:516][  0]LogAISub: UAISubsystem::UAISubsystem EnvQueryManager (0000022D0A487C00), frame # 0
[2021.05.04-12.27.41:865][  0]LogPackageLocalizationCache: Processed 19 localized package path(s) for 1 prioritized culture(s) in 0.100657 seconds
[2021.05.04-12.27.41:870][  0]LogUObjectArray: 15917 objects as part of root set at end of initial load.
[2021.05.04-12.27.41:870][  0]LogUObjectAllocator: 3965568 out of 0 bytes used by permanent object pool.
[2021.05.04-12.27.41:870][  0]LogUObjectArray: CloseDisregardForGC: 0/0 objects in disregard for GC pool
[2021.05.04-12.27.46:377][  0]LogTcpMessaging: Initializing TcpMessaging bridge
[2021.05.04-12.27.46:461][  0]LogUdpMessaging: Initializing bridge on interface 0.0.0.0:0 to multicast group 230.0.0.1:6666.
[2021.05.04-12.27.46:989][  0]LogLinker: Warning: Failed to load '/Game/ThirdPersonBP/ThirdPersonOverview': Can't find file.
[2021.05.04-12.27.47:003][  0]LogLinker: Warning: Failed to load '/Game/ThirdPersonBP/ThirdPersonOverview': Can't find file.
[2021.05.04-12.27.47:003][  0]LogUObjectGlobals: Warning: Failed to find object 'Class /Game/ThirdPersonBP/ThirdPersonOverview.ThirdPersonOverview_C'
[2021.05.04-12.27.47:384][  0]SourceControl: Source control is disabled
[2021.05.04-12.27.47:384][  0]SourceControl: Source control is disabled
[2021.05.04-12.27.47:466][  0]SourceControl: Source control is disabled
[2021.05.04-12.27.47:506][  0]SourceControl: Source control is disabled
[2021.05.04-12.27.47:630][  0]SourceControl: Source control is disabled
[2021.05.04-12.27.50:420][  0]LogAndroidPermission: UAndroidPermissionCallbackProxy::GetInstance
[2021.05.04-12.27.50:585][  0]LogAudioCaptureCore: Display: No Audio Capture implementations found. Audio input will be silent.
[2021.05.04-12.27.50:585][  0]LogAudioCaptureCore: Display: No Audio Capture implementations found. Audio input will be silent.
[2021.05.04-12.27.50:969][  0]LogOcInput: OculusInput pre-init called
[2021.05.04-12.27.52:529][  0]LogEngine: Initializing Engine...
[2021.05.04-12.27.52:637][  0]LogHMD: Failed to initialize OpenVR with code 108
[2021.05.04-12.27.52:637][  0]LogMagicLeap: Warning: VR disabled because ZI is not enabled.  To enable, in the editor, Edit -> Project Settings -> Plugins -> Magic Leap Plugin -> Enable Zero Iteration
[2021.05.04-12.27.52:681][  0]LogStats: UGameplayTagsManager::InitializeManager -  0.014 s
[2021.05.04-12.27.53:341][  0]LogInit: Initializing FReadOnlyCVARCache
[2021.05.04-12.27.53:668][  0]LogAIModule: Creating AISystem for world Untitled
[2021.05.04-12.27.53:668][  0]LogAISub: UAISubsystem::UAISubsystem EnvQueryManager (0000022D1392FC00), frame # 0
[2021.05.04-12.27.53:668][  0]LogAISub: UAISubsystem::UAISubsystem AIPerceptionSystem (0000022D138DBB00), frame # 0
[2021.05.04-12.27.53:788][  0]LogAudioMixer: Display: Audio Mixer Platform Settings:
[2021.05.04-12.27.53:788][  0]LogAudioMixer: Display: 	Sample Rate:						  48000
[2021.05.04-12.27.53:788][  0]LogAudioMixer: Display: 	Callback Buffer Frame Size Requested: 1024
[2021.05.04-12.27.53:788][  0]LogAudioMixer: Display: 	Callback Buffer Frame Size To Use:	  1024
[2021.05.04-12.27.53:788][  0]LogAudioMixer: Display: 	Number of buffers to queue:			  2
[2021.05.04-12.27.53:788][  0]LogAudioMixer: Display: 	Max Channels (voices):				  32
[2021.05.04-12.27.53:788][  0]LogAudioMixer: Display: 	Number of Async Source Workers:		  0
[2021.05.04-12.27.53:789][  0]LogAudio: Display: AudioDevice MaxSources: 32
[2021.05.04-12.27.53:806][  0]LogAudio: Display: Using built-in audio occlusion.
[2021.05.04-12.27.53:806][  0]LogAudioMixer: Display: Initializing audio mixer.
[2021.05.04-12.27.53:898][  0]LogAudioMixer: Display: 0: FrontLeft
[2021.05.04-12.27.53:898][  0]LogAudioMixer: Display: 1: FrontRight
[2021.05.04-12.27.53:998][  0]LogAudioMixer: Display: Using Audio Device Speakers (Realtek High Definition Audio)
[2021.05.04-12.27.54:012][  0]LogAudioMixer: Display: Initializing Sound Submixes...
[2021.05.04-12.27.54:053][  0]LogAudioMixer: Display: Creating Master Submix 'MasterSubmixDefault'
[2021.05.04-12.27.54:053][  0]LogAudioMixer: Display: Creating Master Submix 'MasterReverbSubmixDefault'
[2021.05.04-12.27.54:054][  0]LogAudioMixer: Display: Creating Master Submix 'MasterEQSubmixDefault'
[2021.05.04-12.27.54:054][  0]LogInit: FAudioDevice initialized.
[2021.05.04-12.27.54:056][  0]LogNetVersion: Set ProjectVersion to 1.0.0.0. Version Checksum will be recalculated on next use.
[2021.05.04-12.27.54:206][  0]LogDerivedDataCache: Saved boot cache 0.15s 80MB C:/Users/Doherty/AppData/Local/UnrealEngine/4.25/DerivedDataCache/Boot.ddc.
[2021.05.04-12.27.54:208][  0]LogInit: Texture streaming: Enabled
[2021.05.04-12.27.54:377][  0]LogEngineSessionManager: EngineSessionManager initialized
[2021.05.04-12.27.54:377][  0]LogEditorSessionSummary: Verbose: Initializing EditorSessionSummaryWriter for editor session tracking
[2021.05.04-12.27.54:397][  0]LogEditorSessionSummary: EditorSessionSummaryWriter initialized
[2021.05.04-12.27.54:683][  0]LogInit: Transaction tracking system initialized
[2021.05.04-12.27.54:940][  0]BlueprintLog: New page: Editor Load
[2021.05.04-12.27.56:089][  0]LocalizationService: Localization service is disabled
[2021.05.04-12.27.58:480][  0]LogCook: Display: Max memory allowance for cook 16384mb min free memory 0mb
[2021.05.04-12.27.58:480][  0]LogCook: Display: Mobile HDR setting 1
[2021.05.04-12.27.59:166][  0]LogFileCache: Scanning file cache for directory 'S:/Documents/Unreal/BlinkTeleport/blink-teleport/BlinkTeleport/Content/' took 0.01s
[2021.05.04-12.28.01:886][  0]SourceControl: Source control is disabled
[2021.05.04-12.28.01:904][  0]LogUnrealEdMisc: Loading editor; pre map load, took 70.142
[2021.05.04-12.28.01:934][  0]Cmd: MAP LOAD FILE="../../../../../../Documents/Unreal/BlinkTeleport/blink-teleport/BlinkTeleport/Content/VirtualRealityBP/Maps/MotionControllerMap.umap" TEMPLATE=0 SHOWPROGRESS=1 FEATURELEVEL=3
[2021.05.04-12.28.01:946][  0]LightingResults: New page: Lighting Build
[2021.05.04-12.28.02:057][  0]LogWorld: UWorld::CleanupWorld for Untitled, bSessionEnded=true, bCleanupResources=true
[2021.05.04-12.28.02:092][  0]LogSlate: InvalidateAllWidgets triggered.  All widgets were invalidated
[2021.05.04-12.28.02:098][  0]MapCheck: New page: Map Check
[2021.05.04-12.28.02:098][  0]LightingResults: New page: Lighting Build
[2021.05.04-12.28.02:336][  0]LogAISub: UAISubsystem::~UAISubsystem EnvQueryManager (0000022D1392FC00), frame # 0
[2021.05.04-12.28.02:336][  0]LogAISub: UAISubsystem::~UAISubsystem AIPerceptionSystem (0000022D138DBB00), frame # 0
[2021.05.04-12.28.02:337][  0]LogUObjectHash: Compacting FUObjectHashTables data took   0.63ms
[2021.05.04-12.28.04:370][  0]LogAIModule: Creating AISystem for world MotionControllerMap
[2021.05.04-12.28.04:370][  0]LogAISub: UAISubsystem::UAISubsystem EnvQueryManager (0000022D223E4A00), frame # 0
[2021.05.04-12.28.04:370][  0]LogAISub: UAISubsystem::UAISubsystem AIPerceptionSystem (0000022D2172AE80), frame # 0
[2021.05.04-12.28.04:655][  0]LogEditorServer: Finished looking for orphan Actors (0.000 secs)
[2021.05.04-12.28.04:738][  0]LogUObjectHash: Compacting FUObjectHashTables data took   0.69ms
[2021.05.04-12.28.04:738][  0]Cmd: MAP CHECKDEP NOCLEARLOG
[2021.05.04-12.28.04:751][  0]MapCheck: Map check complete: 0 Error(s), 0 Warning(s), took 12.226ms to complete.
[2021.05.04-12.28.04:751][  0]LogFileHelpers: Loading map 'MotionControllerMap' took 2.827
[2021.05.04-12.28.05:360][  0]LogUnrealEdMisc: Total Editor Startup Time, took 73.597
[2021.05.04-12.28.05:880][  0]LogSlate: Updating window title bar state: overlay mode, drag disabled, window buttons hidden, title bar hidden
[2021.05.04-12.28.05:888][  0]LogSlate: Updating window title bar state: overlay mode, drag disabled, window buttons hidden, title bar hidden
[2021.05.04-12.28.05:894][  0]LogSlate: Updating window title bar state: overlay mode, drag disabled, window buttons hidden, title bar hidden
[2021.05.04-12.28.05:900][  0]LogSlate: Updating window title bar state: overlay mode, drag disabled, window buttons hidden, title bar hidden
[2021.05.04-12.28.06:098][  0]LogCollectionManager: Loaded 0 collections in 0.001094 seconds
[2021.05.04-12.28.06:203][  0]LogFileCache: Scanning file cache for directory 'S:/Documents/Unreal/BlinkTeleport/blink-teleport/BlinkTeleport/Saved/Collections/' took 0.00s
[2021.05.04-12.28.06:203][  0]LogFileCache: Scanning file cache for directory 'S:/Documents/Unreal/BlinkTeleport/blink-teleport/BlinkTeleport/Content/Developers/Doherty/Collections/' took 0.00s
[2021.05.04-12.28.06:203][  0]LogFileCache: Scanning file cache for directory 'S:/Documents/Unreal/BlinkTeleport/blink-teleport/BlinkTeleport/Content/Collections/' took 0.00s
[2021.05.04-12.28.06:203][  0]LogContentBrowser: Native class hierarchy populated in 0.0090 seconds. Added 3427 classes and 821 folders.
[2021.05.04-12.28.06:270][  0]LogContentBrowser: Native class hierarchy updated for 'WidgetCarousel' in 0.0003 seconds. Added 0 classes and 0 folders.
[2021.05.04-12.28.07:548][  0]LogContentBrowser: Native class hierarchy updated for 'AddContentDialog' in 0.0004 seconds. Added 0 classes and 0 folders.
[2021.05.04-12.28.07:599][  0]LogContentBrowser: Native class hierarchy updated for 'SceneOutliner' in 0.0004 seconds. Added 2 classes and 0 folders.
[2021.05.04-12.28.08:334][  0]LogSlate: Took 0.021255 seconds to synchronously load lazily loaded font '../../../Engine/Content/Slate/Fonts/Roboto-Regular.ttf' (155K)
[2021.05.04-12.28.09:950][  0]LogSlate: Took 0.015778 seconds to synchronously load lazily loaded font '../../../Engine/Content/Slate/Fonts/Roboto-Bold.ttf' (160K)
[2021.05.04-12.28.09:990][  0]LogSlate: Took 0.016826 seconds to synchronously load lazily loaded font '../../../Engine/Content/Editor/Slate/Fonts/FontAwesome.ttf' (139K)
[2021.05.04-12.28.10:295][  0]LogRenderer: Reallocating scene render targets to support 1248x596 Format 26 NumSamples 1 (Frame:1).
[2021.05.04-12.28.10:636][  0]LogContentBrowser: Native class hierarchy updated for 'HierarchicalLODOutliner' in 0.0003 seconds. Added 0 classes and 0 folders.
[2021.05.04-12.28.10:637][  0]LogLoad: (Engine Initialization) Total time: 78.87 seconds
[2021.05.04-12.28.10:637][  0]LogLoad: (Engine Initialization) Total Blueprint compile time: 0.00 seconds
[2021.05.04-12.28.10:728][  0]LogAssetRegistry: Asset discovery search completed in 39.7056 seconds
[2021.05.04-12.28.10:733][  0]LogCollectionManager: Fixed up redirectors for 0 collections in 0.000006 seconds (updated 0 objects)
[2021.05.04-12.28.10:786][  0]LogContentStreaming: Texture pool size now 1000 MB
[2021.05.04-12.28.10:849][  0]LogSlate: Took 0.008370 seconds to synchronously load lazily loaded font '../../../Engine/Content/Slate/Fonts/Roboto-Light.ttf' (167K)
[2021.05.04-12.28.11:716][  5]LogSlate: Took 0.000190 seconds to synchronously load lazily loaded font '../../../Engine/Content/Slate/Fonts/Roboto-Light.ttf' (167K)
[2021.05.04-12.29.49:841][523]LogAssetEditorSubsystem: Opening Asset editor for ParticleSystem /Game/BlinkTeleport/Particles/Portal_PS.Portal_PS
[2021.05.04-12.29.49:978][523]LogContentBrowser: Native class hierarchy updated for 'Cascade' in 0.0004 seconds. Added 2 classes and 2 folders.
[2021.05.04-12.30.35:321][521]LogSavePackage: Moving '../../../../../../Documents/Unreal/BlinkTeleport/blink-teleport/BlinkTeleport/Saved/Portal_PS457F50B64C5E6CAAD09E9BA75BD77CC8.tmp' to '../../../../../../Documents/Unreal/BlinkTeleport/blink-teleport/BlinkTeleport/Content/BlinkTeleport/Particles/Portal_PS.uasset'
[2021.05.04-12.30.35:357][521]AssetCheck: New page: Asset Save: Portal_PS
[2021.05.04-12.30.35:357][521]LogContentValidation: Display: Validating ParticleSystem /Game/BlinkTeleport/Particles/Portal_PS.Portal_PS
[2021.05.04-12.31.13:155][854]LogSavePackage: Moving '../../../../../../Documents/Unreal/BlinkTeleport/blink-teleport/BlinkTeleport/Saved/Portal_PSA7BE8090430025625F22B78AA065375C.tmp' to '../../../../../../Documents/Unreal/BlinkTeleport/blink-teleport/BlinkTeleport/Content/BlinkTeleport/Particles/Portal_PS.uasset'
[2021.05.04-12.31.13:167][854]AssetCheck: New page: Asset Save: Portal_PS
[2021.05.04-12.31.13:167][854]LogContentValidation: Display: Validating ParticleSystem /Game/BlinkTeleport/Particles/Portal_PS.Portal_PS
[2021.05.04-12.34.02:719][440]LogEditorViewport: Clicking on Actor (LMB): BP_Sky_Sphere_C (SkySphereBlueprint)
[2021.05.04-12.38.10:534][ 86]LogUObjectHash: Compacting FUObjectHashTables data took   0.74ms
[2021.05.04-12.38.10:656][ 86]LogSavePackage: Moving '../../../../../../Documents/Unreal/BlinkTeleport/blink-teleport/BlinkTeleport/Saved/MotionControllerMap_Auto14D043DD4491441DA5C2CC09310FAFFF8.tmp' to '../../../../../../Documents/Unreal/BlinkTeleport/blink-teleport/BlinkTeleport/Saved/Autosaves/Game/VirtualRealityBP/Maps/MotionControllerMap_Auto1.umap'
[2021.05.04-12.38.10:657][ 86]LogFileHelpers: Editor autosave (incl. sublevels) for '/Game/VirtualRealityBP/Maps/MotionControllerMap' took 0.131
[2021.05.04-12.38.10:657][ 86]LogFileHelpers: Editor autosave (incl. sublevels) for all levels took 0.131
[2021.05.04-16.10.09:044][918]LogUObjectHash: Compacting FUObjectHashTables data took   0.42ms
[2021.05.04-16.10.10:372][918]LogSlate: Window 'Save Content' being destroyed
[2021.05.04-16.10.10:406][918]LogUObjectHash: Compacting FUObjectHashTables data took   0.33ms
[2021.05.04-16.10.10:431][918]LogSavePackage: Moving '../../../../../../Documents/Unreal/BlinkTeleport/blink-teleport/BlinkTeleport/Saved/MotionControllerMapBB74F32246E129E40B50DE8DC7D0D302.tmp' to '../../../../../../Documents/Unreal/BlinkTeleport/blink-teleport/BlinkTeleport/Content/VirtualRealityBP/Maps/MotionControllerMap.umap'
[2021.05.04-16.10.10:453][918]LogFileHelpers: Saving map 'MotionControllerMap' took 0.054
[2021.05.04-16.10.10:689][918]LogSavePackage: Moving '../../../../../../Documents/Unreal/BlinkTeleport/blink-teleport/BlinkTeleport/Saved/MotionControllerMap_BuiltData914921CD418B6D0314CDADB016795EF2.tmp' to '../../../../../../Documents/Unreal/BlinkTeleport/blink-teleport/BlinkTeleport/Content/VirtualRealityBP/Maps/MotionControllerMap_BuiltData.uasset'
[2021.05.04-16.10.10:710][918]LogCascade: Quitting Cascade. FXSystem=0x0000022D99C86F50
[2021.05.04-16.10.10:795][918]LogWorld: UWorld::CleanupWorld for World_4, bSessionEnded=true, bCleanupResources=true
[2021.05.04-16.10.10:795][918]LogSlate: InvalidateAllWidgets triggered.  All widgets were invalidated
[2021.05.04-16.10.10:875][918]LogSlate: Window 'BlinkTeleport - Unreal Editor' being destroyed
[2021.05.04-16.10.10:878][918]LogWindowsTextInputMethodSystem: Display: IME system now deactivated.
[2021.05.04-16.10.11:423][918]AssetCheck: New page: Asset Save: multiple assets
[2021.05.04-16.10.11:423][918]LogContentValidation: Display: Validating World /Game/VirtualRealityBP/Maps/MotionControllerMap.MotionControllerMap
[2021.05.04-16.10.11:423][918]LogContentValidation: Display: Validating MapBuildDataRegistry /Game/VirtualRealityBP/Maps/MotionControllerMap_BuiltData.MotionControllerMap_BuiltData
[2021.05.04-16.10.11:429][919]Cmd: QUIT_EDITOR
[2021.05.04-16.10.11:429][919]LogCore: Engine exit requested (reason: UUnrealEdEngine::CloseEditor())
[2021.05.04-16.10.11:680][919]LogCore: Engine exit requested (reason: EngineExit() was called; note: exit was already requested)
[2021.05.04-16.10.11:757][919]LogExit: Preparing to exit.
[2021.05.04-16.10.12:376][919]LogWorld: UWorld::CleanupWorld for World_0, bSessionEnded=true, bCleanupResources=true
[2021.05.04-16.10.12:376][919]LogWorld: UWorld::CleanupWorld for World_2, bSessionEnded=true, bCleanupResources=true
[2021.05.04-16.10.12:377][919]LogWorld: UWorld::CleanupWorld for World_3, bSessionEnded=true, bCleanupResources=true
[2021.05.04-16.10.12:377][919]LogWorld: UWorld::CleanupWorld for World_1, bSessionEnded=true, bCleanupResources=true
[2021.05.04-16.10.12:403][919]LogDemo: Cleaned up 0 splitscreen connections with owner deletion
[2021.05.04-16.10.12:419][919]LogWorld: UWorld::CleanupWorld for None, bSessionEnded=true, bCleanupResources=true
[2021.05.04-16.10.12:419][919]LogExit: Editor shut down
[2021.05.04-16.10.12:419][919]LogExit: Transaction tracking system shut down
[2021.05.04-16.10.12:941][919]LogAISub: UAISubsystem::~UAISubsystem AISubsystem (0000022D0A47FFC0), frame # 437919
[2021.05.04-16.10.12:941][919]LogAISub: UAISubsystem::~UAISubsystem AIPerceptionSystem (0000022D0A49EAC0), frame # 437919
[2021.05.04-16.10.12:942][919]LogAISub: UAISubsystem::~UAISubsystem EnvQueryManager (0000022D0A487C00), frame # 437919
